TimeQuest Timing Analyzer report for lab
Wed Jan 03 23:22:17 2018
Quartus II Version 9.1 Build 222 10/21/2009 SJ Web Edition


---------------------
; Table of Contents ;
---------------------
  1. Legal Notice
  2. TimeQuest Timing Analyzer Summary
  3. Parallel Compilation
  4. SDC File List
  5. Clocks
  6. Fmax Summary
  7. Setup Summary
  8. Hold Summary
  9. Recovery Summary
 10. Removal Summary
 11. Minimum Pulse Width Summary
 12. Datasheet Report
 13. Clock Transfers
 14. Report TCCS
 15. Report RSKM
 16. Unconstrained Paths
 17. TimeQuest Timing Analyzer Messages



----------------
; Legal Notice ;
----------------
Copyright (C) 1991-2009 Altera Corporation
Your use of Altera Corporation's design tools, logic functions 
and other software and tools, and its AMPP partner logic 
functions, and any output files from any of the foregoing 
(including device programming or simulation files), and any 
associated documentation or information are expressly subject 
to the terms and conditions of the Altera Program License 
Subscription Agreement, Altera MegaCore Function License 
Agreement, or other applicable license agreement, including, 
without limitation, that your use is for the sole purpose of 
programming logic devices manufactured by Altera and sold by 
Altera or its authorized distributors.  Please refer to the 
applicable agreement for further details.



+----------------------------------------------------------------------+
; TimeQuest Timing Analyzer Summary                                    ;
+--------------------+-------------------------------------------------+
; Quartus II Version ; Version 9.1 Build 222 10/21/2009 SJ Web Edition ;
; Revision Name      ; lab                                             ;
; Device Family      ; Cyclone II                                      ;
; Device Name        ; EP2C20F484C7                                    ;
; Timing Models      ; Final                                           ;
; Delay Model        ; Slow Model                                      ;
; Rise/Fall Delays   ; Unavailable                                     ;
+--------------------+-------------------------------------------------+


Parallel compilation was disabled, but you have multiple processors available. Enable parallel compilation to reduce compilation time.
+-------------------------------------+
; Parallel Compilation                ;
+----------------------------+--------+
; Processors                 ; Number ;
+----------------------------+--------+
; Number detected on machine ; 2      ;
; Maximum allowed            ; 1      ;
+----------------------------+--------+


+---------------------------------------------------+
; SDC File List                                     ;
+---------------+--------+--------------------------+
; SDC File Path ; Status ; Read at                  ;
+---------------+--------+--------------------------+
; lab.out.sdc   ; OK     ; Wed Jan 03 23:22:17 2018 ;
+---------------+--------+--------------------------+


----------
; Clocks ;
----------
No clocks to report.


----------------
; Fmax Summary ;
----------------
No paths to report.


-----------------
; Setup Summary ;
-----------------
No paths to report.


----------------
; Hold Summary ;
----------------
No paths to report.


--------------------
; Recovery Summary ;
--------------------
No paths to report.


-------------------
; Removal Summary ;
-------------------
No paths to report.


-------------------------------
; Minimum Pulse Width Summary ;
-------------------------------
No paths to report.


--------------------
; Datasheet Report ;
--------------------
Nothing to report.


-------------------
; Clock Transfers ;
-------------------
Nothing to report.


---------------
; Report TCCS ;
---------------
No dedicated SERDES Transmitter circuitry present in device or used in design


---------------
; Report RSKM ;
---------------
No dedicated SERDES Receiver circuitry present in device or used in design


+------------------------------------------------+
; Unconstrained Paths                            ;
+---------------------------------+-------+------+
; Property                        ; Setup ; Hold ;
+---------------------------------+-------+------+
; Illegal Clocks                  ; 0     ; 0    ;
; Unconstrained Clocks            ; 0     ; 0    ;
; Unconstrained Input Ports       ; 0     ; 0    ;
; Unconstrained Input Port Paths  ; 0     ; 0    ;
; Unconstrained Output Ports      ; 0     ; 0    ;
; Unconstrained Output Port Paths ; 0     ; 0    ;
+---------------------------------+-------+------+


+------------------------------------+
; TimeQuest Timing Analyzer Messages ;
+------------------------------------+
Info: *******************************************************************
Info: Running Quartus II TimeQuest Timing Analyzer
    Info: Version 9.1 Build 222 10/21/2009 SJ Web Edition
    Info: Processing started: Wed Jan 03 23:22:14 2018
Info: Command: quartus_sta lab -c lab
Info: qsta_default_script.tcl version: #2
Info: Low junction temperature is 0 degrees C
Info: High junction temperature is 85 degrees C
Info: Reading SDC File: 'lab.out.sdc'
Warning: At least one of the filters had some problems and could not be matched
    Warning: clock could not be matched with a port
Warning: Ignored assignment: create_clock -name {clock} -period 2.000 -waveform { 0.000 1.000 } [get_ports {clock}]
    Warning: Argument <targets> is an empty collection
Info: The command derive_clocks did not find any clocks to derive.  No clocks were created or changed.
Info: No user constrained base clocks found in the design. Calling "derive_clocks -period 1.0"
Info: The command derive_clocks did not find any clocks to derive.  No clocks were created or changed.
Warning: No clocks defined in design.
Info: No clocks to report
Info: No fmax paths to report
Info: No Setup paths to report
Info: No Hold paths to report
Info: No Recovery paths to report
Info: No Removal paths to report
Info: No Minimum Pulse Width paths to report
Info: The selected device family is not supported by the report_metastability command.
Info: Design is fully constrained for setup requirements
Info: Design is fully constrained for hold requirements
Info: Quartus II TimeQuest Timing Analyzer was successful. 0 errors, 5 warnings
    Info: Peak virtual memory: 235 megabytes
    Info: Processing ended: Wed Jan 03 23:22:17 2018
    Info: Elapsed time: 00:00:03
    Info: Total CPU time (on all processors): 00:00:02


